0 0 3718 904
5155 6057 6956 7494
3719 0 7491 500
5510 2523 6178 3222
6179 2754 7139 3714
3529 943 5107 2521
7604 9243 8268 9907
7492 49 8258 815
8540 4551 9884 5895
6889 8667 7603 9381
7140 2003 8389 3252
32 4446 1377 5791
7070 4015 7258 4203
5216 2131 5497 2412
4236 500 6434 942
2776 4579 4274 5829
4582 3301 4752 3471
5156 7494 6956 8249
133 9333 2741 10000
8790 3547 9369 4125
8284 8657 9337 9710
2709 1364 3528 2183
6956 4204 7481 6057
6957 7688 8559 8387
8365 4125 8790 4550
2742 8791 3637 9882
7482 3969 8365 5041
9245 0 10000 755
6587 945 7475 1833
1396 1892 2367 2863
0 8288 843 9131
2295 3654 4479 4579
3638 8539 5269 10000
5510 3223 6178 3812
4480 3813 6956 6057
3637 6943 5154 8538
8560 7688 10000 8656
793 3393 1297 3897
0 7365 805 8170
0 3898 2294 4446
8206 6583 9310 7687
4406 6058 5154 6942
2368 2184 3528 3653
4753 2522 5510 3812
1 904 2708 1892
889 6043 3637 8791
5270 8249 6889 10000
7604 8387 8283 9242
2220 9177 2375 9332
3966 5830 4405 6269
